Determining if the pthread_create exist failed with the following output:
Change Dir: /home/gacova/Documentos/t1SERVER/cmake-build-debug/CMakeFiles/CMakeTmp

Run Build Command(s):/usr/bin/make cmTC_95798/fast 
/usr/bin/make -f CMakeFiles/cmTC_95798.dir/build.make CMakeFiles/cmTC_95798.dir/build
make[1]: se entra en el directorio '/home/gacova/Documentos/t1SERVER/cmake-build-debug/CMakeFiles/CMakeTmp'
Building C object CMakeFiles/cmTC_95798.dir/CheckSymbolExists.c.o
/usr/bin/cc    -o CMakeFiles/cmTC_95798.dir/CheckSymbolExists.c.o   -c /home/gacova/Documentos/t1SERVER/cmake-build-debug/CMakeFiles/CMakeTmp/CheckSymbolExists.c
Linking C executable cmTC_95798
/home/gacova/.local/share/JetBrains/Toolbox/apps/CLion/ch-0/191.7141.37/bin/cmake/linux/bin/cmake -E cmake_link_script CMakeFiles/cmTC_95798.dir/link.txt --verbose=1
/usr/bin/cc      CMakeFiles/cmTC_95798.dir/CheckSymbolExists.c.o  -o cmTC_95798 
CMakeFiles/cmTC_95798.dir/CheckSymbolExists.c.o: En la función `main':
CheckSymbolExists.c:(.text+0x1b): referencia a `pthread_create' sin definir
collect2: error: ld returned 1 exit status
CMakeFiles/cmTC_95798.dir/build.make:86: recipe for target 'cmTC_95798' failed
make[1]: *** [cmTC_95798] Error 1
make[1]: se sale del directorio '/home/gacova/Documentos/t1SERVER/cmake-build-debug/CMakeFiles/CMakeTmp'
Makefile:121: recipe for target 'cmTC_95798/fast' failed
make: *** [cmTC_95798/fast] Error 2

File /home/gacova/Documentos/t1SERVER/cmake-build-debug/CMakeFiles/CMakeTmp/CheckSymbolExists.c:
/* */
#include <pthread.h>

int main(int argc, char** argv)
{
  (void)argv;
#ifndef pthread_create
  return ((int*)(&pthread_create))[argc];
#else
  (void)argc;
  return 0;
#endif
}

Determining if the function pthread_create exists in the pthreads failed with the following output:
Change Dir: /home/gacova/Documentos/t1SERVER/cmake-build-debug/CMakeFiles/CMakeTmp

Run Build Command(s):/usr/bin/make cmTC_83e02/fast 
/usr/bin/make -f CMakeFiles/cmTC_83e02.dir/build.make CMakeFiles/cmTC_83e02.dir/build
make[1]: se entra en el directorio '/home/gacova/Documentos/t1SERVER/cmake-build-debug/CMakeFiles/CMakeTmp'
Building C object CMakeFiles/cmTC_83e02.dir/CheckFunctionExists.c.o
/usr/bin/cc   -DCHECK_FUNCTION_EXISTS=pthread_create   -o CMakeFiles/cmTC_83e02.dir/CheckFunctionExists.c.o   -c /home/gacova/.local/share/JetBrains/Toolbox/apps/CLion/ch-0/191.7141.37/bin/cmake/linux/share/cmake-3.14/Modules/CheckFunctionExists.c
Linking C executable cmTC_83e02
/home/gacova/.local/share/JetBrains/Toolbox/apps/CLion/ch-0/191.7141.37/bin/cmake/linux/bin/cmake -E cmake_link_script CMakeFiles/cmTC_83e02.dir/link.txt --verbose=1
/usr/bin/cc  -DCHECK_FUNCTION_EXISTS=pthread_create    CMakeFiles/cmTC_83e02.dir/CheckFunctionExists.c.o  -o cmTC_83e02 -lpthreads 
/usr/bin/ld: no se puede encontrar -lpthreads
collect2: error: ld returned 1 exit status
CMakeFiles/cmTC_83e02.dir/build.make:86: recipe for target 'cmTC_83e02' failed
make[1]: *** [cmTC_83e02] Error 1
make[1]: se sale del directorio '/home/gacova/Documentos/t1SERVER/cmake-build-debug/CMakeFiles/CMakeTmp'
Makefile:121: recipe for target 'cmTC_83e02/fast' failed
make: *** [cmTC_83e02/fast] Error 2


